[2021-05-23 16:44:26,683] BLRL100025/INFO/locust.main: Run time limit set to 10 seconds
[2021-05-23 16:44:26,683] BLRL100025/INFO/locust.main: Starting Locust 1.5.3
[2021-05-23 16:44:26,683] BLRL100025/INFO/locust.runners: Spawning 1 users at the rate 1 users/s (0 users already running)...
[2021-05-23 16:44:26,683] BLRL100025/INFO/locust.runners: All users spawned: MainCaller: 1 (1 total running)
[2021-05-23 16:44:36,373] BLRL100025/INFO/locust.main: Time limit reached. Stopping Locust.
[2021-05-23 16:44:36,373] BLRL100025/INFO/locust.runners: Stopping 1 users
[2021-05-23 16:44:36,373] BLRL100025/INFO/locust.runners: 1 Users have been stopped, 0 still running
[2021-05-23 16:44:36,468] BLRL100025/INFO/locust.main: Running teardowns...
[2021-05-23 16:44:36,473] BLRL100025/INFO/locust.main: Shutting down (exit code 0), bye.
[2021-05-23 16:44:36,473] BLRL100025/INFO/locust.main: Cleaning up runner...
[2021-05-23 16:48:12,147] BLRL100025/INFO/locust.main: Run time limit set to 10 seconds
[2021-05-23 16:48:12,148] BLRL100025/INFO/locust.main: Starting Locust 1.5.3
[2021-05-23 16:48:12,148] BLRL100025/INFO/locust.runners: Spawning 1 users at the rate 1 users/s (0 users already running)...
[2021-05-23 16:48:12,148] BLRL100025/INFO/locust.runners: All users spawned: MainCaller: 1 (1 total running)
[2021-05-23 16:48:21,867] BLRL100025/INFO/locust.main: Time limit reached. Stopping Locust.
[2021-05-23 16:48:21,867] BLRL100025/INFO/locust.runners: Stopping 1 users
[2021-05-23 16:48:21,869] BLRL100025/INFO/locust.runners: 1 Users have been stopped, 0 still running
[2021-05-23 16:48:21,936] BLRL100025/INFO/locust.main: Running teardowns...
[2021-05-23 16:48:21,946] BLRL100025/INFO/locust.main: Shutting down (exit code 0), bye.
[2021-05-23 16:48:21,946] BLRL100025/INFO/locust.main: Cleaning up runner...
[2021-05-23 16:55:08,608] BLRL100025/INFO/locust.main: Run time limit set to 10 seconds
[2021-05-23 16:55:08,609] BLRL100025/INFO/locust.main: Starting Locust 1.5.3
[2021-05-23 16:55:08,609] BLRL100025/INFO/locust.runners: Spawning 1 users at the rate 1 users/s (0 users already running)...
[2021-05-23 16:55:08,609] BLRL100025/INFO/locust.runners: All users spawned: MainCaller: 1 (1 total running)
[2021-05-23 16:55:18,337] BLRL100025/INFO/locust.main: Time limit reached. Stopping Locust.
[2021-05-23 16:55:18,337] BLRL100025/INFO/locust.runners: Stopping 1 users
[2021-05-23 16:55:18,337] BLRL100025/INFO/locust.runners: 1 Users have been stopped, 0 still running
[2021-05-23 16:55:18,415] BLRL100025/INFO/locust.main: Running teardowns...
[2021-05-23 16:55:18,415] BLRL100025/INFO/locust.main: Shutting down (exit code 0), bye.
[2021-05-23 16:55:18,415] BLRL100025/INFO/locust.main: Cleaning up runner...
